Working on hotvr_t__tau
Working on output_probejet_HOTVR_tau32
Working on run2
Working on pt_400toInf
Main/Pass/both
0.01 -1.0
0.03 -1.0
0.05 -1.0
0.07 -1.0
0.09 0.0
0.11 0.0
0.13 0.749583239639
0.15 0.710774343424
0.17 0.410787263026
0.19 0.471387236665
0.21 0.766792269529
0.23 0.745719484527
0.25 0.823414899621
0.27 0.811018555366
0.29 0.830637499389
0.31 0.80794400902
0.33 0.860201531484
0.35 0.860103433805
0.37 0.883851604827
0.39 0.923947287019
0.41 0.964025364678
0.43 0.932111212483
0.45 0.993525147156
0.47 1.02925789689
0.49 1.02586429743
0.51 1.08647433039
0.53 1.06273771658
0.55 1.07804870095
0.57 1.08542027677
0.59 1.11652269866
0.61 1.11120006802
0.63 1.16686597118
0.65 1.14683744978
0.67 1.23767794432
0.69 1.17517337812
0.71 1.15323939422
0.73 1.20507533217
0.75 1.33411104085
0.77 1.27396107195
0.79 1.2450049079
0.81 1.34585491019
0.83 1.01502464197
0.85 0.51656417346
0.87 0.722861805551
0.89 0.730722520502
0.91 0.0
0.93 0.0
0.95 -1.0
0.97 -1.0
0.99 -1.0
[0.09, 0.11, 0.13, 0.15000000000000002, 0.16999999999999998, 0.19, 0.21000000000000002, 0.22999999999999998, 0.25, 0.27, 0.29000000000000004, 0.31, 0.33, 0.35, 0.37, 0.39, 0.41000000000000003, 0.43, 0.45, 0.47, 0.49, 0.51, 0.53, 0.55, 0.5700000000000001, 0.59, 0.61, 0.63, 0.65, 0.67, 0.6900000000000001, 0.71, 0.73, 0.75, 0.77, 0.79, 0.81, 0.8300000000000001, 0.85, 0.87, 0.89, 0.91]
 FCN=35.7492 FROM MIGRAD    STATUS=CONVERGED      50 CALLS          51 TOTAL
                     EDM=4.35992e-10    STRATEGY= 1      ERROR MATRIX ACCURATE 
  EXT PARAMETER                                   STEP         FIRST   
  NO.   NAME      VALUE            ERROR          SIZE      DERIVATIVE 
   1  p0           5.36512e-01   2.23589e-02   1.72944e-05   4.95847e-03
   2  p1           9.82498e-01   4.79463e-02   3.70861e-05   2.35121e-03
chi2 35.7492315503
ndf 40
